<?xml version="1.0" encoding="UTF-8"?>
<!-- Generated by org.testng.reporters.JUnitReportReporter -->
<testsuite skipped="0" hostname="DESKTOP-TPBRS6F" name="automation.com.util.ExcellFileReader" tests="1" failures="0" timestamp="03 Sep 2017 04:53:10 GMT" time="0.694" errors="0">
  <testcase name="ExecuteTest" time="0.694" classname="automation.com.util.ExcellFileReader"/>
</testsuite> <!-- automation.com.util.ExcellFileReader -->
