<?xml version="1.0" encoding="UTF-8"?>
<!-- Generated by org.testng.reporters.JUnitReportReporter -->
<testsuite skipped="0" hostname="DESKTOP-TPBRS6F" name="com.automation.util.ConfigReader" tests="2" failures="0" timestamp="27 Aug 2017 17:05:43 GMT" time="0.020" errors="0">
  <testcase name="readAndLoadPropertiesFile" time="0.019" classname="com.automation.util.ConfigReader"/>
  <testcase name="getApllicationUrl" time="0.001" classname="com.automation.util.ConfigReader"/>
</testsuite> <!-- com.automation.util.ConfigReader -->
