<?xml version="1.0" encoding="UTF-8"?>
<!-- Generated by org.testng.reporters.JUnitReportReporter -->
<testsuite skipped="0" hostname="DESKTOP-TPBRS6F" name="com.automaton.tests.MacysLoginTest" tests="2" failures="0" timestamp="02 Sep 2017 20:06:04 GMT" time="139.604" errors="0">
  <testcase name="macysLoginScriptTest" time="76.721" classname="com.automaton.tests.MacysLoginTest"/>
  <testcase name="macysLoginScriptTest" time="62.883" classname="com.automaton.tests.MacysLoginTest"/>
</testsuite> <!-- com.automaton.tests.MacysLoginTest -->
