<?xml version="1.0" encoding="UTF-8"?>
<!-- Generated by org.testng.reporters.JUnitReportReporter -->
<testsuite skipped="0" hostname="DESKTOP-TPBRS6F" name="com.automation.util.ExcelFileReader" tests="2" failures="0" timestamp="08 Sep 2017 02:33:49 GMT" time="0.720" errors="0">
  <testcase name="locateAndOpenExcelFile" time="0.032" classname="com.automation.util.ExcelFileReader"/>
  <testcase name="ExecuteTest" time="0.688" classname="com.automation.util.ExcelFileReader"/>
</testsuite> <!-- com.automation.util.ExcelFileReader -->
