<?xml version="1.0" encoding="UTF-8"?>
<!-- Generated by org.testng.reporters.JUnitReportReporter -->
<testsuite skipped="0" hostname="DESKTOP-TPBRS6F" name="com.automation.util.ExcelFileReader" tests="1" failures="0" timestamp="10 Sep 2017 02:30:05 GMT" time="0.719" errors="0">
  <testcase name="ExecuteTest" time="0.719" classname="com.automation.util.ExcelFileReader"/>
</testsuite> <!-- com.automation.util.ExcelFileReader -->
