<?xml version="1.0" encoding="UTF-8"?>
<!-- Generated by org.testng.reporters.JUnitReportReporter -->
<testsuite skipped="0" hostname="DESKTOP-TPBRS6F" name="com.automation.tests.MacysLoginTest" tests="2" failures="0" timestamp="10 Sep 2017 02:32:34 GMT" time="53.431" errors="0">
  <testcase name="macysLoginScriptTest" time="27.162" classname="com.automation.tests.MacysLoginTest"/>
  <testcase name="macysLoginScriptTest" time="26.269" classname="com.automation.tests.MacysLoginTest"/>
</testsuite> <!-- com.automation.tests.MacysLoginTest -->
