<?xml version="1.0" encoding="UTF-8"?>
<!-- Generated by org.testng.reporters.JUnitReportReporter -->
<testsuite skipped="0" hostname="DESKTOP-TPBRS6F" name="com.automation.tests.MacysLoginTest" tests="2" failures="0" timestamp="07 Sep 2017 23:55:28 GMT" time="39.961" errors="0">
  <testcase name="macysLoginScriptTest" time="19.003" classname="com.automation.tests.MacysLoginTest"/>
  <testcase name="macysLoginScriptTest" time="20.958" classname="com.automation.tests.MacysLoginTest"/>
</testsuite> <!-- com.automation.tests.MacysLoginTest -->
